<?xml version="1.0" encoding="UTF-8"?>
<testsuite xmlns:xsi="http://www.w3.org/2001/XMLSchema-instance" xsi:noNamespaceSchemaLocation="https://maven.apache.org/surefire/maven-surefire-plugin/xsd/surefire-test-report.xsd" name="NumbersTest" time="0.009" tests="6" errors="0" skipped="0" failures="0">
  <properties>
[...]
</properties>
  <testcase name="areAnyEvenElementTest" classname="NumbersTest" time="0.001"/>
  <testcase name="constructorIllegalArgumentTest" classname="NumbersTest" time="0"/>
  <testcase name="constructorNullTest" classname="NumbersTest" time="0"/>
  <testcase name="arentAnyEvenElementTest" classname="NumbersTest" time="0"/>
  <testcase name="areAllPositiveTest" classname="NumbersTest" time="0"/>
  <testcase name="areAllNegativeTest" classname="NumbersTest" time="0"/>
</testsuite>